<?xml version="1.0" encoding="UTF-8"?>
<testng-results ignored="0" total="1" passed="1" failed="0" skipped="0">
  <reporter-output>
    <line>
      <![CDATA[open the browser]]>
    </line>
    <line>
      <![CDATA[login to the application]]>
    </line>
    <line>
      <![CDATA[logout of the application]]>
    </line>
    <line>
      <![CDATA[close the browser]]>
    </line>
  </reporter-output>
  <suite started-at="2021-01-10T11:47:27 IST" name="Default suite" finished-at="2021-01-10T11:48:16 IST" duration-ms="49822">
    <groups>
    </groups>
    <test started-at="2021-01-10T11:47:27 IST" name="Default test" finished-at="2021-01-10T11:48:16 IST" duration-ms="49822">
      <class name="com.actitime.testscript.CustomerModule">
        <test-method is-config="true" signature="openBrowser()[pri:0, instance:com.actitime.testscript.CustomerModule@43301423]" started-at="2021-01-10T11:47:27 IST" name="openBrowser" finished-at="2021-01-10T11:47:35 IST" duration-ms="8618" status="PASS">
          <reporter-output>
            <line>
              <![CDATA[open the browser]]>
            </line>
          </reporter-output>
        </test-method> <!-- openBrowser -->
        <test-method is-config="true" signature="login()[pri:0, instance:com.actitime.testscript.CustomerModule@43301423]" started-at="2021-01-10T11:47:35 IST" name="login" finished-at="2021-01-10T11:47:50 IST" duration-ms="15123" status="PASS">
          <reporter-output>
            <line>
              <![CDATA[login to the application]]>
            </line>
          </reporter-output>
        </test-method> <!-- login -->
        <test-method signature="testCreateCustomer()[pri:0, instance:com.actitime.testscript.CustomerModule@43301423]" started-at="2021-01-10T11:47:50 IST" name="testCreateCustomer" finished-at="2021-01-10T11:48:11 IST" duration-ms="20742" status="PASS">
          <reporter-output>
          </reporter-output>
        </test-method> <!-- testCreateCustomer -->
        <test-method is-config="true" signature="logout()[pri:0, instance:com.actitime.testscript.CustomerModule@43301423]" started-at="2021-01-10T11:48:11 IST" name="logout" finished-at="2021-01-10T11:48:16 IST" duration-ms="4972" status="PASS">
          <reporter-output>
            <line>
              <![CDATA[logout of the application]]>
            </line>
          </reporter-output>
        </test-method> <!-- logout -->
        <test-method is-config="true" signature="closeBrowser()[pri:0, instance:com.actitime.testscript.CustomerModule@43301423]" started-at="2021-01-10T11:48:16 IST" name="closeBrowser" finished-at="2021-01-10T11:48:16 IST" duration-ms="280" status="PASS">
          <reporter-output>
            <line>
              <![CDATA[close the browser]]>
            </line>
          </reporter-output>
        </test-method> <!-- closeBrowser -->
      </class> <!-- com.actitime.testscript.CustomerModule -->
    </test> <!-- Default test -->
  </suite> <!-- Default suite -->
</testng-results>
